Arguments: 
  /Users/mitchelsarauer/.nvm/versions/node/v15.14.0/bin/node /Users/mitchelsarauer/.nvm/versions/node/v15.14.0/bin/yarn add ReactPlayer

PATH: 
  /Users/mitchelsarauer/.nvm/versions/node/v15.14.0/bin:/opt/homebrew/bin:/opt/homebrew/sbin:/usr/local/bin:/usr/bin:/bin:/usr/sbin:/sbin:/Library/Apple/usr/bin:/Users/mitchelsarauer/.nvm/versions/node/v15.14.0/bin:/opt/homebrew/bin:/opt/homebrew/sbin

Yarn version: 
  1.22.10

Node version: 
  15.14.0

Platform: 
  darwin arm64

Trace: 
  Error: https://registry.yarnpkg.com/ReactPlayer: Not found
      at Request.params.callback [as _callback] (/Users/mitchelsarauer/.nvm/versions/node/v15.14.0/lib/node_modules/yarn/lib/cli.js:66988:18)
      at Request.self.callback (/Users/mitchelsarauer/.nvm/versions/node/v15.14.0/lib/node_modules/yarn/lib/cli.js:140662:22)
      at Request.emit (node:events:369:20)
      at Request.<anonymous> (/Users/mitchelsarauer/.nvm/versions/node/v15.14.0/lib/node_modules/yarn/lib/cli.js:141634:10)
      at Request.emit (node:events:369:20)
      at IncomingMessage.<anonymous> (/Users/mitchelsarauer/.nvm/versions/node/v15.14.0/lib/node_modules/yarn/lib/cli.js:141556:12)
      at Object.onceWrapper (node:events:475:28)
      at IncomingMessage.emit (node:events:381:22)
      at endReadableNT (node:internal/streams/readable:1307:12)
      at processTicksAndRejections (node:internal/process/task_queues:81:21)

npm manifest: 
  No manifest

yarn manifest: 
  No manifest

Lockfile: 
  No lockfile
